<?xml version="1.0" encoding="UTF-8"?>
<testsuite xmlns:xsi="http://www.w3.org/2001/XMLSchema-instance" xsi:noNamespaceSchemaLocation="https://maven.apache.org/surefire/maven-surefire-plugin/xsd/surefire-test-report.xsd" name="fjdb.mealplanner.MealPlanManagerTest" time="0" tests="1" errors="0" skipped="1" failures="0">
  <properties>
    <property name="java.specification.version" value="17"/>
    <property name="sun.jnu.encoding" value="UTF-8"/>
    <property name="java.class.path" value="/Users/francisbostock/IdeaProjects/katon/MealPlanner/target/test-classes:/Users/francisbostock/IdeaProjects/katon/MealPlanner/target/classes:/Users/francisbostock/.m2/repository/katon/Taskboard/1.0.1/Taskboard-1.0.1.jar:/Users/francisbostock/.m2/repository/katon/Core/1.0.1/Core-1.0.1.jar:/Users/francisbostock/.m2/repository/org/apache/commons/commons-text/1.10.0/commons-text-1.10.0.jar:/Users/francisbostock/.m2/repository/org/apache/commons/commons-math3/3.6.1/commons-math3-3.6.1.jar:/Users/francisbostock/.m2/repository/org/apache/commons/commons-lang3/3.12.0/commons-lang3-3.12.0.jar:/Users/francisbostock/.m2/repository/org/apache/commons/commons-csv/1.8/commons-csv-1.8.jar:/Users/francisbostock/.m2/repository/jfree/jfreechart/1.0.13/jfreechart-1.0.13.jar:/Users/francisbostock/.m2/repository/jfree/jcommon/1.0.16/jcommon-1.0.16.jar:/Users/francisbostock/.m2/repository/com/google/code/gson/gson/2.9.0/gson-2.9.0.jar:/Users/francisbostock/.m2/repository/org/apache/poi/poi/5.2.3/poi-5.2.3.jar:/Users/francisbostock/.m2/repository/commons-codec/commons-codec/1.15/commons-codec-1.15.jar:/Users/francisbostock/.m2/repository/org/apache/commons/commons-collections4/4.4/commons-collections4-4.4.jar:/Users/francisbostock/.m2/repository/commons-io/commons-io/2.11.0/commons-io-2.11.0.jar:/Users/francisbostock/.m2/repository/com/zaxxer/SparseBitSet/1.2/SparseBitSet-1.2.jar:/Users/francisbostock/.m2/repository/org/apache/logging/log4j/log4j-api/2.18.0/log4j-api-2.18.0.jar:/Users/francisbostock/.m2/repository/org/eclipse/angus/angus-mail/2.0.3/angus-mail-2.0.3.jar:/Users/francisbostock/.m2/repository/jakarta/activation/jakarta.activation-api/2.1.3/jakarta.activation-api-2.1.3.jar:/Users/francisbostock/.m2/repository/jakarta/mail/jakarta.mail-api/2.1.3/jakarta.mail-api-2.1.3.jar:/Users/francisbostock/.m2/repository/org/eclipse/angus/angus-activation/2.0.2/angus-activation-2.0.2.jar:/Users/francisbostock/.m2/repository/com/squareup/okhttp/okhttp/2.7.5/okhttp-2.7.5.jar:/Users/francisbostock/.m2/repository/com/squareup/okio/okio/1.6.0/okio-1.6.0.jar:/Users/francisbostock/.m2/repository/com/itextpdf/itextpdf/5.5.10/itextpdf-5.5.10.jar:/Users/francisbostock/.m2/repository/org/apache/pdfbox/pdfbox/2.0.4/pdfbox-2.0.4.jar:/Users/francisbostock/.m2/repository/org/apache/pdfbox/fontbox/2.0.4/fontbox-2.0.4.jar:/Users/francisbostock/.m2/repository/commons-logging/commons-logging/1.2/commons-logging-1.2.jar:/Users/francisbostock/.m2/repository/ch/qos/logback/logback-classic/1.2.3/logback-classic-1.2.3.jar:/Users/francisbostock/.m2/repository/ch/qos/logback/logback-core/1.2.3/logback-core-1.2.3.jar:/Users/francisbostock/.m2/repository/org/slf4j/slf4j-api/1.7.25/slf4j-api-1.7.25.jar:/Users/francisbostock/.m2/repository/junit/junit/4.13.2/junit-4.13.2.jar:/Users/francisbostock/.m2/repository/org/hamcrest/hamcrest-core/1.3/hamcrest-core-1.3.jar:/Users/francisbostock/.m2/repository/org/openjfx/javafx-base/18.0.1/javafx-base-18.0.1.jar:/Users/francisbostock/.m2/repository/org/openjfx/javafx-base/18.0.1/javafx-base-18.0.1-mac-aarch64.jar:/Users/francisbostock/.m2/repository/org/openjfx/javafx-controls/18.0.1/javafx-controls-18.0.1.jar:/Users/francisbostock/.m2/repository/org/openjfx/javafx-controls/18.0.1/javafx-controls-18.0.1-mac-aarch64.jar:/Users/francisbostock/.m2/repository/org/openjfx/javafx-graphics/18.0.1/javafx-graphics-18.0.1.jar:/Users/francisbostock/.m2/repository/org/openjfx/javafx-graphics/18.0.1/javafx-graphics-18.0.1-mac-aarch64.jar:/Users/francisbostock/.m2/repository/org/openjfx/javafx-graphics/11/javafx-graphics-11-mac.jar:/Users/francisbostock/.m2/repository/com/google/apis/google-api-services-gmail/v1-rev20220404-1.32.1/google-api-services-gmail-v1-rev20220404-1.32.1.jar:/Users/francisbostock/.m2/repository/com/google/api-client/google-api-client/1.33.1/google-api-client-1.33.1.jar:/Users/francisbostock/.m2/repository/com/google/oauth-client/google-oauth-client/1.33.0/google-oauth-client-1.33.0.jar:/Users/francisbostock/.m2/repository/com/google/http-client/google-http-client-apache-v2/1.41.1/google-http-client-apache-v2-1.41.1.jar:/Users/francisbostock/.m2/repository/org/apache/httpcomponents/httpcore/4.4.15/httpcore-4.4.15.jar:/Users/francisbostock/.m2/repository/org/apache/httpcomponents/httpclient/4.5.13/httpclient-4.5.13.jar:/Users/francisbostock/.m2/repository/com/google/auth/google-auth-library-oauth2-http/1.11.0/google-auth-library-oauth2-http-1.11.0.jar:/Users/francisbostock/.m2/repository/com/google/auto/value/auto-value-annotations/1.9/auto-value-annotations-1.9.jar:/Users/francisbostock/.m2/repository/com/google/code/findbugs/jsr305/3.0.2/jsr305-3.0.2.jar:/Users/francisbostock/.m2/repository/com/google/auth/google-auth-library-credentials/1.11.0/google-auth-library-credentials-1.11.0.jar:/Users/francisbostock/.m2/repository/com/google/http-client/google-http-client/1.42.2/google-http-client-1.42.2.jar:/Users/francisbostock/.m2/repository/io/opencensus/opencensus-api/0.31.1/opencensus-api-0.31.1.jar:/Users/francisbostock/.m2/repository/io/grpc/grpc-context/1.27.2/grpc-context-1.27.2.jar:/Users/francisbostock/.m2/repository/io/opencensus/opencensus-contrib-http-util/0.31.1/opencensus-contrib-http-util-0.31.1.jar:/Users/francisbostock/.m2/repository/com/google/http-client/google-http-client-gson/1.42.2/google-http-client-gson-1.42.2.jar:/Users/francisbostock/.m2/repository/javax/mail/mail/1.4.7/mail-1.4.7.jar:/Users/francisbostock/.m2/repository/javax/activation/activation/1.1/activation-1.1.jar:/Users/francisbostock/.m2/repository/com/google/guava/guava/23.0/guava-23.0.jar:/Users/francisbostock/.m2/repository/com/google/errorprone/error_prone_annotations/2.0.18/error_prone_annotations-2.0.18.jar:/Users/francisbostock/.m2/repository/com/google/j2objc/j2objc-annotations/1.1/j2objc-annotations-1.1.jar:/Users/francisbostock/.m2/repository/org/codehaus/mojo/animal-sniffer-annotations/1.14/animal-sniffer-annotations-1.14.jar:/Users/francisbostock/.m2/repository/org/openjfx/javafx-controls/18.0.1/javafx-controls-18.0.1-mac.jar:/Users/francisbostock/.m2/repository/com/jimmoores/quandl-core/2.0.0/quandl-core-2.0.0.jar:/Users/francisbostock/.m2/repository/javax/ws/rs/javax.ws.rs-api/2.0.1/javax.ws.rs-api-2.0.1.jar:/Users/francisbostock/.m2/repository/org/threeten/threetenbp/1.3.6/threetenbp-1.3.6.jar:/Users/francisbostock/.m2/repository/org/glassfish/jersey/core/jersey-client/2.25.1/jersey-client-2.25.1.jar:/Users/francisbostock/.m2/repository/org/glassfish/jersey/core/jersey-common/2.25.1/jersey-common-2.25.1.jar:/Users/francisbostock/.m2/repository/javax/annotation/javax.annotation-api/1.2/javax.annotation-api-1.2.jar:/Users/francisbostock/.m2/repository/org/glassfish/jersey/bundles/repackaged/jersey-guava/2.25.1/jersey-guava-2.25.1.jar:/Users/francisbostock/.m2/repository/org/glassfish/hk2/osgi-resource-locator/1.0.1/osgi-resource-locator-1.0.1.jar:/Users/francisbostock/.m2/repository/org/glassfish/hk2/hk2-api/2.5.0-b32/hk2-api-2.5.0-b32.jar:/Users/francisbostock/.m2/repository/org/glassfish/hk2/hk2-utils/2.5.0-b32/hk2-utils-2.5.0-b32.jar:/Users/francisbostock/.m2/repository/org/glassfish/hk2/external/aopalliance-repackaged/2.5.0-b32/aopalliance-repackaged-2.5.0-b32.jar:/Users/francisbostock/.m2/repository/org/glassfish/hk2/external/javax.inject/2.5.0-b32/javax.inject-2.5.0-b32.jar:/Users/francisbostock/.m2/repository/org/glassfish/hk2/hk2-locator/2.5.0-b32/hk2-locator-2.5.0-b32.jar:/Users/francisbostock/.m2/repository/org/javassist/javassist/3.20.0-GA/javassist-3.20.0-GA.jar:/Users/francisbostock/.m2/repository/net/sf/opencsv/opencsv/2.3/opencsv-2.3.jar:/Users/francisbostock/.m2/repository/com/fasterxml/jackson/datatype/jackson-datatype-json-org/2.8.9/jackson-datatype-json-org-2.8.9.jar:/Users/francisbostock/.m2/repository/com/fasterxml/jackson/core/jackson-core/2.8.9/jackson-core-2.8.9.jar:/Users/francisbostock/.m2/repository/com/fasterxml/jackson/core/jackson-databind/2.8.9/jackson-databind-2.8.9.jar:/Users/francisbostock/.m2/repository/com/fasterxml/jackson/core/jackson-annotations/2.8.0/jackson-annotations-2.8.0.jar:/Users/francisbostock/.m2/repository/org/apache/geronimo/bundles/json/20090211_1/json-20090211_1.jar:/Users/francisbostock/.m2/repository/org/hsqldb/hsqldb/2.0.0/hsqldb-2.0.0.jar:/Users/francisbostock/.m2/repository/org/codehaus/groovy/groovy/2.5.1/groovy-2.5.1.jar:/Users/francisbostock/.m2/repository/org/codehaus/groovy/groovy-ant/2.5.1/groovy-ant-2.5.1.jar:/Users/francisbostock/.m2/repository/org/apache/ant/ant/1.9.9/ant-1.9.9.jar:/Users/francisbostock/.m2/repository/org/apache/ant/ant-junit/1.9.9/ant-junit-1.9.9.jar:/Users/francisbostock/.m2/repository/org/apache/ant/ant-launcher/1.9.9/ant-launcher-1.9.9.jar:/Users/francisbostock/.m2/repository/org/apache/ant/ant-antlr/1.9.9/ant-antlr-1.9.9.jar:/Users/francisbostock/.m2/repository/org/codehaus/groovy/groovy-cli-commons/2.5.1/groovy-cli-commons-2.5.1.jar:/Users/francisbostock/.m2/repository/commons-cli/commons-cli/1.4/commons-cli-1.4.jar:/Users/francisbostock/.m2/repository/org/codehaus/groovy/groovy-cli-picocli/2.5.1/groovy-cli-picocli-2.5.1.jar:/Users/francisbostock/.m2/repository/info/picocli/picocli/3.2.0/picocli-3.2.0.jar:/Users/francisbostock/.m2/repository/org/codehaus/groovy/groovy-console/2.5.1/groovy-console-2.5.1.jar:/Users/francisbostock/.m2/repository/org/codehaus/groovy/groovy-datetime/2.5.1/groovy-datetime-2.5.1.jar:/Users/francisbostock/.m2/repository/org/codehaus/groovy/groovy-docgenerator/2.5.1/groovy-docgenerator-2.5.1.jar:/Users/francisbostock/.m2/repository/com/thoughtworks/qdox/qdox/1.12.1/qdox-1.12.1.jar:/Users/francisbostock/.m2/repository/org/codehaus/groovy/groovy-groovydoc/2.5.1/groovy-groovydoc-2.5.1.jar:/Users/francisbostock/.m2/repository/org/codehaus/groovy/groovy-dateutil/2.5.1/groovy-dateutil-2.5.1.jar:/Users/francisbostock/.m2/repository/org/codehaus/groovy/groovy-groovysh/2.5.1/groovy-groovysh-2.5.1.jar:/Users/francisbostock/.m2/repository/jline/jline/2.14.6/jline-2.14.6.jar:/Users/francisbostock/.m2/repository/org/codehaus/groovy/groovy-jmx/2.5.1/groovy-jmx-2.5.1.jar:/Users/francisbostock/.m2/repository/org/codehaus/groovy/groovy-json/2.5.1/groovy-json-2.5.1.jar:/Users/francisbostock/.m2/repository/org/codehaus/groovy/groovy-jsr223/2.5.1/groovy-jsr223-2.5.1.jar:/Users/francisbostock/.m2/repository/org/codehaus/groovy/groovy-macro/2.5.1/groovy-macro-2.5.1.jar:/Users/francisbostock/.m2/repository/org/codehaus/groovy/groovy-nio/2.5.1/groovy-nio-2.5.1.jar:/Users/francisbostock/.m2/repository/org/codehaus/groovy/groovy-servlet/2.5.1/groovy-servlet-2.5.1.jar:/Users/francisbostock/.m2/repository/org/codehaus/groovy/groovy-sql/2.5.1/groovy-sql-2.5.1.jar:/Users/francisbostock/.m2/repository/org/codehaus/groovy/groovy-swing/2.5.1/groovy-swing-2.5.1.jar:/Users/francisbostock/.m2/repository/org/codehaus/groovy/groovy-templates/2.5.1/groovy-templates-2.5.1.jar:/Users/francisbostock/.m2/repository/org/codehaus/groovy/groovy-test/2.5.1/groovy-test-2.5.1.jar:/Users/francisbostock/.m2/repository/org/codehaus/groovy/groovy-test-junit5/2.5.1/groovy-test-junit5-2.5.1.jar:/Users/francisbostock/.m2/repository/org/junit/platform/junit-platform-launcher/1.2.0/junit-platform-launcher-1.2.0.jar:/Users/francisbostock/.m2/repository/org/apiguardian/apiguardian-api/1.0.0/apiguardian-api-1.0.0.jar:/Users/francisbostock/.m2/repository/org/junit/platform/junit-platform-engine/1.2.0/junit-platform-engine-1.2.0.jar:/Users/francisbostock/.m2/repository/org/junit/platform/junit-platform-commons/1.2.0/junit-platform-commons-1.2.0.jar:/Users/francisbostock/.m2/repository/org/opentest4j/opentest4j/1.1.0/opentest4j-1.1.0.jar:/Users/francisbostock/.m2/repository/org/junit/jupiter/junit-jupiter-engine/5.2.0/junit-jupiter-engine-5.2.0.jar:/Users/francisbostock/.m2/repository/org/junit/jupiter/junit-jupiter-api/5.2.0/junit-jupiter-api-5.2.0.jar:/Users/francisbostock/.m2/repository/org/codehaus/groovy/groovy-testng/2.5.1/groovy-testng-2.5.1.jar:/Users/francisbostock/.m2/repository/org/testng/testng/6.13.1/testng-6.13.1.jar:/Users/francisbostock/.m2/repository/com/beust/jcommander/1.72/jcommander-1.72.jar:/Users/francisbostock/.m2/repository/org/codehaus/groovy/groovy-xml/2.5.1/groovy-xml-2.5.1.jar:/Users/francisbostock/.m2/repository/org/apache/maven/surefire/surefire-testng-utils/2.22.0/surefire-testng-utils-2.22.0.jar:/Users/francisbostock/.m2/repository/org/apache/maven/surefire/surefire-grouper/2.22.0/surefire-grouper-2.22.0.jar:"/>
    <property name="java.vm.vendor" value="Oracle Corporation"/>
    <property name="sun.arch.data.model" value="64"/>
    <property name="java.vendor.url" value="https://java.oracle.com/"/>
    <property name="os.name" value="Mac OS X"/>
    <property name="java.vm.specification.version" value="17"/>
    <property name="sun.java.launcher" value="SUN_STANDARD"/>
    <property name="user.country" value="GB"/>
    <property name="sun.boot.library.path" value="/Users/francisbostock/Library/Java/JavaVirtualMachines/openjdk-17.0.1/Contents/Home/lib"/>
    <property name="sun.java.command" value="/Users/francisbostock/IdeaProjects/katon/MealPlanner/target/surefire/surefirebooter14228745377769974020.jar /Users/francisbostock/IdeaProjects/katon/MealPlanner/target/surefire 2025-09-20T15-49-05_956-jvmRun1 surefire4788567065452034285tmp surefire_06493161960257982953tmp"/>
    <property name="http.nonProxyHosts" value="local|*.local|169.254/16|*.169.254/16"/>
    <property name="jdk.debug" value="release"/>
    <property name="surefire.test.class.path" value="/Users/francisbostock/IdeaProjects/katon/MealPlanner/target/test-classes:/Users/francisbostock/IdeaProjects/katon/MealPlanner/target/classes:/Users/francisbostock/.m2/repository/katon/Taskboard/1.0.1/Taskboard-1.0.1.jar:/Users/francisbostock/.m2/repository/katon/Core/1.0.1/Core-1.0.1.jar:/Users/francisbostock/.m2/repository/org/apache/commons/commons-text/1.10.0/commons-text-1.10.0.jar:/Users/francisbostock/.m2/repository/org/apache/commons/commons-math3/3.6.1/commons-math3-3.6.1.jar:/Users/francisbostock/.m2/repository/org/apache/commons/commons-lang3/3.12.0/commons-lang3-3.12.0.jar:/Users/francisbostock/.m2/repository/org/apache/commons/commons-csv/1.8/commons-csv-1.8.jar:/Users/francisbostock/.m2/repository/jfree/jfreechart/1.0.13/jfreechart-1.0.13.jar:/Users/francisbostock/.m2/repository/jfree/jcommon/1.0.16/jcommon-1.0.16.jar:/Users/francisbostock/.m2/repository/com/google/code/gson/gson/2.9.0/gson-2.9.0.jar:/Users/francisbostock/.m2/repository/org/apache/poi/poi/5.2.3/poi-5.2.3.jar:/Users/francisbostock/.m2/repository/commons-codec/commons-codec/1.15/commons-codec-1.15.jar:/Users/francisbostock/.m2/repository/org/apache/commons/commons-collections4/4.4/commons-collections4-4.4.jar:/Users/francisbostock/.m2/repository/commons-io/commons-io/2.11.0/commons-io-2.11.0.jar:/Users/francisbostock/.m2/repository/com/zaxxer/SparseBitSet/1.2/SparseBitSet-1.2.jar:/Users/francisbostock/.m2/repository/org/apache/logging/log4j/log4j-api/2.18.0/log4j-api-2.18.0.jar:/Users/francisbostock/.m2/repository/org/eclipse/angus/angus-mail/2.0.3/angus-mail-2.0.3.jar:/Users/francisbostock/.m2/repository/jakarta/activation/jakarta.activation-api/2.1.3/jakarta.activation-api-2.1.3.jar:/Users/francisbostock/.m2/repository/jakarta/mail/jakarta.mail-api/2.1.3/jakarta.mail-api-2.1.3.jar:/Users/francisbostock/.m2/repository/org/eclipse/angus/angus-activation/2.0.2/angus-activation-2.0.2.jar:/Users/francisbostock/.m2/repository/com/squareup/okhttp/okhttp/2.7.5/okhttp-2.7.5.jar:/Users/francisbostock/.m2/repository/com/squareup/okio/okio/1.6.0/okio-1.6.0.jar:/Users/francisbostock/.m2/repository/com/itextpdf/itextpdf/5.5.10/itextpdf-5.5.10.jar:/Users/francisbostock/.m2/repository/org/apache/pdfbox/pdfbox/2.0.4/pdfbox-2.0.4.jar:/Users/francisbostock/.m2/repository/org/apache/pdfbox/fontbox/2.0.4/fontbox-2.0.4.jar:/Users/francisbostock/.m2/repository/commons-logging/commons-logging/1.2/commons-logging-1.2.jar:/Users/francisbostock/.m2/repository/ch/qos/logback/logback-classic/1.2.3/logback-classic-1.2.3.jar:/Users/francisbostock/.m2/repository/ch/qos/logback/logback-core/1.2.3/logback-core-1.2.3.jar:/Users/francisbostock/.m2/repository/org/slf4j/slf4j-api/1.7.25/slf4j-api-1.7.25.jar:/Users/francisbostock/.m2/repository/junit/junit/4.13.2/junit-4.13.2.jar:/Users/francisbostock/.m2/repository/org/hamcrest/hamcrest-core/1.3/hamcrest-core-1.3.jar:/Users/francisbostock/.m2/repository/org/openjfx/javafx-base/18.0.1/javafx-base-18.0.1.jar:/Users/francisbostock/.m2/repository/org/openjfx/javafx-base/18.0.1/javafx-base-18.0.1-mac-aarch64.jar:/Users/francisbostock/.m2/repository/org/openjfx/javafx-controls/18.0.1/javafx-controls-18.0.1.jar:/Users/francisbostock/.m2/repository/org/openjfx/javafx-controls/18.0.1/javafx-controls-18.0.1-mac-aarch64.jar:/Users/francisbostock/.m2/repository/org/openjfx/javafx-graphics/18.0.1/javafx-graphics-18.0.1.jar:/Users/francisbostock/.m2/repository/org/openjfx/javafx-graphics/18.0.1/javafx-graphics-18.0.1-mac-aarch64.jar:/Users/francisbostock/.m2/repository/org/openjfx/javafx-graphics/11/javafx-graphics-11-mac.jar:/Users/francisbostock/.m2/repository/com/google/apis/google-api-services-gmail/v1-rev20220404-1.32.1/google-api-services-gmail-v1-rev20220404-1.32.1.jar:/Users/francisbostock/.m2/repository/com/google/api-client/google-api-client/1.33.1/google-api-client-1.33.1.jar:/Users/francisbostock/.m2/repository/com/google/oauth-client/google-oauth-client/1.33.0/google-oauth-client-1.33.0.jar:/Users/francisbostock/.m2/repository/com/google/http-client/google-http-client-apache-v2/1.41.1/google-http-client-apache-v2-1.41.1.jar:/Users/francisbostock/.m2/repository/org/apache/httpcomponents/httpcore/4.4.15/httpcore-4.4.15.jar:/Users/francisbostock/.m2/repository/org/apache/httpcomponents/httpclient/4.5.13/httpclient-4.5.13.jar:/Users/francisbostock/.m2/repository/com/google/auth/google-auth-library-oauth2-http/1.11.0/google-auth-library-oauth2-http-1.11.0.jar:/Users/francisbostock/.m2/repository/com/google/auto/value/auto-value-annotations/1.9/auto-value-annotations-1.9.jar:/Users/francisbostock/.m2/repository/com/google/code/findbugs/jsr305/3.0.2/jsr305-3.0.2.jar:/Users/francisbostock/.m2/repository/com/google/auth/google-auth-library-credentials/1.11.0/google-auth-library-credentials-1.11.0.jar:/Users/francisbostock/.m2/repository/com/google/http-client/google-http-client/1.42.2/google-http-client-1.42.2.jar:/Users/francisbostock/.m2/repository/io/opencensus/opencensus-api/0.31.1/opencensus-api-0.31.1.jar:/Users/francisbostock/.m2/repository/io/grpc/grpc-context/1.27.2/grpc-context-1.27.2.jar:/Users/francisbostock/.m2/repository/io/opencensus/opencensus-contrib-http-util/0.31.1/opencensus-contrib-http-util-0.31.1.jar:/Users/francisbostock/.m2/repository/com/google/http-client/google-http-client-gson/1.42.2/google-http-client-gson-1.42.2.jar:/Users/francisbostock/.m2/repository/javax/mail/mail/1.4.7/mail-1.4.7.jar:/Users/francisbostock/.m2/repository/javax/activation/activation/1.1/activation-1.1.jar:/Users/francisbostock/.m2/repository/com/google/guava/guava/23.0/guava-23.0.jar:/Users/francisbostock/.m2/repository/com/google/errorprone/error_prone_annotations/2.0.18/error_prone_annotations-2.0.18.jar:/Users/francisbostock/.m2/repository/com/google/j2objc/j2objc-annotations/1.1/j2objc-annotations-1.1.jar:/Users/francisbostock/.m2/repository/org/codehaus/mojo/animal-sniffer-annotations/1.14/animal-sniffer-annotations-1.14.jar:/Users/francisbostock/.m2/repository/org/openjfx/javafx-controls/18.0.1/javafx-controls-18.0.1-mac.jar:/Users/francisbostock/.m2/repository/com/jimmoores/quandl-core/2.0.0/quandl-core-2.0.0.jar:/Users/francisbostock/.m2/repository/javax/ws/rs/javax.ws.rs-api/2.0.1/javax.ws.rs-api-2.0.1.jar:/Users/francisbostock/.m2/repository/org/threeten/threetenbp/1.3.6/threetenbp-1.3.6.jar:/Users/francisbostock/.m2/repository/org/glassfish/jersey/core/jersey-client/2.25.1/jersey-client-2.25.1.jar:/Users/francisbostock/.m2/repository/org/glassfish/jersey/core/jersey-common/2.25.1/jersey-common-2.25.1.jar:/Users/francisbostock/.m2/repository/javax/annotation/javax.annotation-api/1.2/javax.annotation-api-1.2.jar:/Users/francisbostock/.m2/repository/org/glassfish/jersey/bundles/repackaged/jersey-guava/2.25.1/jersey-guava-2.25.1.jar:/Users/francisbostock/.m2/repository/org/glassfish/hk2/osgi-resource-locator/1.0.1/osgi-resource-locator-1.0.1.jar:/Users/francisbostock/.m2/repository/org/glassfish/hk2/hk2-api/2.5.0-b32/hk2-api-2.5.0-b32.jar:/Users/francisbostock/.m2/repository/org/glassfish/hk2/hk2-utils/2.5.0-b32/hk2-utils-2.5.0-b32.jar:/Users/francisbostock/.m2/repository/org/glassfish/hk2/external/aopalliance-repackaged/2.5.0-b32/aopalliance-repackaged-2.5.0-b32.jar:/Users/francisbostock/.m2/repository/org/glassfish/hk2/external/javax.inject/2.5.0-b32/javax.inject-2.5.0-b32.jar:/Users/francisbostock/.m2/repository/org/glassfish/hk2/hk2-locator/2.5.0-b32/hk2-locator-2.5.0-b32.jar:/Users/francisbostock/.m2/repository/org/javassist/javassist/3.20.0-GA/javassist-3.20.0-GA.jar:/Users/francisbostock/.m2/repository/net/sf/opencsv/opencsv/2.3/opencsv-2.3.jar:/Users/francisbostock/.m2/repository/com/fasterxml/jackson/datatype/jackson-datatype-json-org/2.8.9/jackson-datatype-json-org-2.8.9.jar:/Users/francisbostock/.m2/repository/com/fasterxml/jackson/core/jackson-core/2.8.9/jackson-core-2.8.9.jar:/Users/francisbostock/.m2/repository/com/fasterxml/jackson/core/jackson-databind/2.8.9/jackson-databind-2.8.9.jar:/Users/francisbostock/.m2/repository/com/fasterxml/jackson/core/jackson-annotations/2.8.0/jackson-annotations-2.8.0.jar:/Users/francisbostock/.m2/repository/org/apache/geronimo/bundles/json/20090211_1/json-20090211_1.jar:/Users/francisbostock/.m2/repository/org/hsqldb/hsqldb/2.0.0/hsqldb-2.0.0.jar:/Users/francisbostock/.m2/repository/org/codehaus/groovy/groovy/2.5.1/groovy-2.5.1.jar:/Users/francisbostock/.m2/repository/org/codehaus/groovy/groovy-ant/2.5.1/groovy-ant-2.5.1.jar:/Users/francisbostock/.m2/repository/org/apache/ant/ant/1.9.9/ant-1.9.9.jar:/Users/francisbostock/.m2/repository/org/apache/ant/ant-junit/1.9.9/ant-junit-1.9.9.jar:/Users/francisbostock/.m2/repository/org/apache/ant/ant-launcher/1.9.9/ant-launcher-1.9.9.jar:/Users/francisbostock/.m2/repository/org/apache/ant/ant-antlr/1.9.9/ant-antlr-1.9.9.jar:/Users/francisbostock/.m2/repository/org/codehaus/groovy/groovy-cli-commons/2.5.1/groovy-cli-commons-2.5.1.jar:/Users/francisbostock/.m2/repository/commons-cli/commons-cli/1.4/commons-cli-1.4.jar:/Users/francisbostock/.m2/repository/org/codehaus/groovy/groovy-cli-picocli/2.5.1/groovy-cli-picocli-2.5.1.jar:/Users/francisbostock/.m2/repository/info/picocli/picocli/3.2.0/picocli-3.2.0.jar:/Users/francisbostock/.m2/repository/org/codehaus/groovy/groovy-console/2.5.1/groovy-console-2.5.1.jar:/Users/francisbostock/.m2/repository/org/codehaus/groovy/groovy-datetime/2.5.1/groovy-datetime-2.5.1.jar:/Users/francisbostock/.m2/repository/org/codehaus/groovy/groovy-docgenerator/2.5.1/groovy-docgenerator-2.5.1.jar:/Users/francisbostock/.m2/repository/com/thoughtworks/qdox/qdox/1.12.1/qdox-1.12.1.jar:/Users/francisbostock/.m2/repository/org/codehaus/groovy/groovy-groovydoc/2.5.1/groovy-groovydoc-2.5.1.jar:/Users/francisbostock/.m2/repository/org/codehaus/groovy/groovy-dateutil/2.5.1/groovy-dateutil-2.5.1.jar:/Users/francisbostock/.m2/repository/org/codehaus/groovy/groovy-groovysh/2.5.1/groovy-groovysh-2.5.1.jar:/Users/francisbostock/.m2/repository/jline/jline/2.14.6/jline-2.14.6.jar:/Users/francisbostock/.m2/repository/org/codehaus/groovy/groovy-jmx/2.5.1/groovy-jmx-2.5.1.jar:/Users/francisbostock/.m2/repository/org/codehaus/groovy/groovy-json/2.5.1/groovy-json-2.5.1.jar:/Users/francisbostock/.m2/repository/org/codehaus/groovy/groovy-jsr223/2.5.1/groovy-jsr223-2.5.1.jar:/Users/francisbostock/.m2/repository/org/codehaus/groovy/groovy-macro/2.5.1/groovy-macro-2.5.1.jar:/Users/francisbostock/.m2/repository/org/codehaus/groovy/groovy-nio/2.5.1/groovy-nio-2.5.1.jar:/Users/francisbostock/.m2/repository/org/codehaus/groovy/groovy-servlet/2.5.1/groovy-servlet-2.5.1.jar:/Users/francisbostock/.m2/repository/org/codehaus/groovy/groovy-sql/2.5.1/groovy-sql-2.5.1.jar:/Users/francisbostock/.m2/repository/org/codehaus/groovy/groovy-swing/2.5.1/groovy-swing-2.5.1.jar:/Users/francisbostock/.m2/repository/org/codehaus/groovy/groovy-templates/2.5.1/groovy-templates-2.5.1.jar:/Users/francisbostock/.m2/repository/org/codehaus/groovy/groovy-test/2.5.1/groovy-test-2.5.1.jar:/Users/francisbostock/.m2/repository/org/codehaus/groovy/groovy-test-junit5/2.5.1/groovy-test-junit5-2.5.1.jar:/Users/francisbostock/.m2/repository/org/junit/platform/junit-platform-launcher/1.2.0/junit-platform-launcher-1.2.0.jar:/Users/francisbostock/.m2/repository/org/apiguardian/apiguardian-api/1.0.0/apiguardian-api-1.0.0.jar:/Users/francisbostock/.m2/repository/org/junit/platform/junit-platform-engine/1.2.0/junit-platform-engine-1.2.0.jar:/Users/francisbostock/.m2/repository/org/junit/platform/junit-platform-commons/1.2.0/junit-platform-commons-1.2.0.jar:/Users/francisbostock/.m2/repository/org/opentest4j/opentest4j/1.1.0/opentest4j-1.1.0.jar:/Users/francisbostock/.m2/repository/org/junit/jupiter/junit-jupiter-engine/5.2.0/junit-jupiter-engine-5.2.0.jar:/Users/francisbostock/.m2/repository/org/junit/jupiter/junit-jupiter-api/5.2.0/junit-jupiter-api-5.2.0.jar:/Users/francisbostock/.m2/repository/org/codehaus/groovy/groovy-testng/2.5.1/groovy-testng-2.5.1.jar:/Users/francisbostock/.m2/repository/org/testng/testng/6.13.1/testng-6.13.1.jar:/Users/francisbostock/.m2/repository/com/beust/jcommander/1.72/jcommander-1.72.jar:/Users/francisbostock/.m2/repository/org/codehaus/groovy/groovy-xml/2.5.1/groovy-xml-2.5.1.jar:/Users/francisbostock/.m2/repository/org/apache/maven/surefire/surefire-testng-utils/2.22.0/surefire-testng-utils-2.22.0.jar:/Users/francisbostock/.m2/repository/org/apache/maven/surefire/surefire-grouper/2.22.0/surefire-grouper-2.22.0.jar:"/>
    <property name="sun.cpu.endian" value="little"/>
    <property name="user.home" value="/Users/francisbostock"/>
    <property name="user.language" value="en"/>
    <property name="java.specification.vendor" value="Oracle Corporation"/>
    <property name="java.version.date" value="2021-10-19"/>
    <property name="java.home" value="/Users/francisbostock/Library/Java/JavaVirtualMachines/openjdk-17.0.1/Contents/Home"/>
    <property name="file.separator" value="/"/>
    <property name="basedir" value="/Users/francisbostock/IdeaProjects/katon/MealPlanner"/>
    <property name="java.vm.compressedOopsMode" value="Zero based"/>
    <property name="line.separator" value="&#10;"/>
    <property name="java.specification.name" value="Java Platform API Specification"/>
    <property name="java.vm.specification.vendor" value="Oracle Corporation"/>
    <property name="surefire.real.class.path" value="/Users/francisbostock/IdeaProjects/katon/MealPlanner/target/surefire/surefirebooter14228745377769974020.jar"/>
    <property name="sun.management.compiler" value="HotSpot 64-Bit Tiered Compilers"/>
    <property name="ftp.nonProxyHosts" value="local|*.local|169.254/16|*.169.254/16"/>
    <property name="java.runtime.version" value="17.0.1+12-39"/>
    <property name="user.name" value="francisbostock"/>
    <property name="path.separator" value=":"/>
    <property name="os.version" value="14.2.1"/>
    <property name="java.runtime.name" value="OpenJDK Runtime Environment"/>
    <property name="file.encoding" value="UTF-8"/>
    <property name="java.vm.name" value="OpenJDK 64-Bit Server VM"/>
    <property name="localRepository" value="/Users/francisbostock/.m2/repository"/>
    <property name="java.vendor.url.bug" value="https://bugreport.java.com/bugreport/"/>
    <property name="java.io.tmpdir" value="/var/folders/mp/fdzj548d3rb3b9bql6c949wm0000gn/T/"/>
    <property name="idea.version" value="2021.3"/>
    <property name="java.version" value="17.0.1"/>
    <property name="user.dir" value="/Users/francisbostock/IdeaProjects/katon/MealPlanner"/>
    <property name="os.arch" value="aarch64"/>
    <property name="java.vm.specification.name" value="Java Virtual Machine Specification"/>
    <property name="native.encoding" value="UTF-8"/>
    <property name="java.library.path" value="/Users/francisbostock/Library/Java/Extensions:/Library/Java/Extensions:/Network/Library/Java/Extensions:/System/Library/Java/Extensions:/usr/lib/java:."/>
    <property name="java.vm.info" value="mixed mode, sharing"/>
    <property name="java.vendor" value="Oracle Corporation"/>
    <property name="java.vm.version" value="17.0.1+12-39"/>
    <property name="sun.io.unicode.encoding" value="UnicodeBig"/>
    <property name="socksNonProxyHosts" value="local|*.local|169.254/16|*.169.254/16"/>
    <property name="java.class.version" value="61.0"/>
  </properties>
  <testcase name="mealPlans_can_be_deserialized" classname="fjdb.mealplanner.MealPlanManagerTest" time="0">
    <skipped/>
  </testcase>
</testsuite>